<?xml version="1.0" encoding="ISO-8859-1"?>
<user>
  <name>test</name>
  <pass>fb96549631c835eb239cd614cc6b5cb7d295121a</pass>
  <email>test@g.fr</email>
  <team>test</team>
  <group>test</group>
  <date>06-27-2013</date>
</user>
